[debug] [2025-06-16T19:43:05.393Z] ----------------------------------------------------------------------
[debug] [2025-06-16T19:43:05.394Z] Command:       /home/gulirovisk/.nvm/versions/node/v22.16.0/bin/node /home/gulirovisk/.nvm/versions/node/v22.16.0/bin/firebase init
[debug] [2025-06-16T19:43:05.394Z] CLI Version:   14.7.0
[debug] [2025-06-16T19:43:05.394Z] Platform:      linux
[debug] [2025-06-16T19:43:05.394Z] Node Version:  v22.16.0
[debug] [2025-06-16T19:43:05.395Z] Time:          Mon Jun 16 2025 16:43:05 GMT-0300 (Brasilia Standard Time)
[debug] [2025-06-16T19:43:05.395Z] ----------------------------------------------------------------------
[debug] 
[debug] [2025-06-16T19:43:05.398Z] > command requires scopes: ["email","openid","https://www.googleapis.com/auth/cloudplatformprojects.readonly","https://www.googleapis.com/auth/firebase","https://www.googleapis.com/auth/cloud-platform"]
[debug] [2025-06-16T19:43:05.399Z] > authorizing via signed-in user (lucinhogarciacaboverde@gmail.com)
[info] 
     ######## #### ########  ######## ########     ###     ######  ########
     ##        ##  ##     ## ##       ##     ##  ##   ##  ##       ##
     ######    ##  ########  ######   ########  #########  ######  ######
     ##        ##  ##    ##  ##       ##     ## ##     ##       ## ##
     ##       #### ##     ## ######## ########  ##     ##  ######  ########

You're about to initialize a Firebase project in this directory:

  /home/gulirovisk/code/pingpong-24

[info] 
=== Project Setup
[info] 
[info] First, let's associate this project directory with a Firebase project.
[info] You can create multiple project aliases by running firebase use --add, 
[info] but for now we'll just set up a default project.
[info] 
[debug] [2025-06-16T19:43:23.852Z] Checked if tokens are valid: true, expires at: 1750105988276
[debug] [2025-06-16T19:43:23.853Z] Checked if tokens are valid: true, expires at: 1750105988276
[debug] [2025-06-16T19:43:23.854Z] >>> [apiv2][query] GET https://firebase.googleapis.com/v1beta1/projects pageSize=100
[debug] [2025-06-16T19:43:24.657Z] <<< [apiv2][status] GET https://firebase.googleapis.com/v1beta1/projects 200
[debug] [2025-06-16T19:43:24.657Z] <<< [apiv2][body] GET https://firebase.googleapis.com/v1beta1/projects [omitted]
[info] i  Using project pingpong-24 (pingpong-24) 
[info] 
=== Hosting Setup
[debug] [2025-06-16T19:43:29.073Z] Checked if tokens are valid: true, expires at: 1750105988276
[debug] [2025-06-16T19:43:29.073Z] Checked if tokens are valid: true, expires at: 1750105988276
[debug] [2025-06-16T19:43:29.073Z] >>> [apiv2][query] GET https://firebase.googleapis.com/v1beta1/projects/pingpong-24 [none]
[debug] [2025-06-16T19:43:29.395Z] <<< [apiv2][status] GET https://firebase.googleapis.com/v1beta1/projects/pingpong-24 200
[debug] [2025-06-16T19:43:29.396Z] <<< [apiv2][body] GET https://firebase.googleapis.com/v1beta1/projects/pingpong-24 {"projectId":"pingpong-24","projectNumber":"243596916509","displayName":"pingpong-24","name":"projects/pingpong-24","resources":{"hostingSite":"pingpong-24"},"state":"ACTIVE","etag":"1_fd863ee7-85ac-4825-a709-1a5f220e352f"}
[info] 
[info] Your public directory is the folder (relative to your project directory) that
[info] will contain Hosting assets to be uploaded with firebase deploy. If you
[info] have a build process for your assets, use your build's output directory.
[info] 
[debug] [2025-06-16T19:44:42.170Z] >>> [apiv2][query] GET https://www.gstatic.com/firebasejs/releases.json [none]
[debug] [2025-06-16T19:44:42.402Z] <<< [apiv2][status] GET https://www.gstatic.com/firebasejs/releases.json 200
[debug] [2025-06-16T19:44:42.402Z] <<< [apiv2][body] GET https://www.gstatic.com/firebasejs/releases.json {"current":{"version":"11.9.1","browserURL":"https://www.gstatic.com/firebasejs/11.9.1/firebase.js","packageURL":"https://www.gstatic.com/firebasejs/11.9.1/firebase.tgz"},"live":{"version":"11.9","browserURL":"https://www.gstatic.com/firebasejs/live/11.9/firebase.js","packageURL":"https://www.gstatic.com/firebasejs/live/11.9/firebase.tgz"},"components":{"ai":"https://www.gstatic.com/firebasejs/11.9.1/firebase-ai.js","analytics":"https://www.gstatic.com/firebasejs/11.9.1/firebase-analytics.js","app":"https://www.gstatic.com/firebasejs/11.9.1/firebase-app.js","app-check":"https://www.gstatic.com/firebasejs/11.9.1/firebase-app-check.js","auth":"https://www.gstatic.com/firebasejs/11.9.1/firebase-auth.js","auth/cordova":"https://www.gstatic.com/firebasejs/11.9.1/firebase-auth/cordova.js","auth/web-extension":"https://www.gstatic.com/firebasejs/11.9.1/firebase-auth/web-extension.js","functions":"https://www.gstatic.com/firebasejs/11.9.1/firebase-functions.js","firestore":"https://www.gstatic.com/firebasejs/11.9.1/firebase-firestore.js","firestore/lite":"https://www.gstatic.com/firebasejs/11.9.1/firebase-firestore/lite.js","installations":"https://www.gstatic.com/firebasejs/11.9.1/firebase-installations.js","storage":"https://www.gstatic.com/firebasejs/11.9.1/firebase-storage.js","performance":"https://www.gstatic.com/firebasejs/11.9.1/firebase-performance.js","remote-config":"https://www.gstatic.com/firebasejs/11.9.1/firebase-remote-config.js","messaging":"https://www.gstatic.com/firebasejs/11.9.1/firebase-messaging.js","messaging/sw":"https://www.gstatic.com/firebasejs/11.9.1/firebase-messaging/sw.js","database":"https://www.gstatic.com/firebasejs/11.9.1/firebase-database.js","vertexai":"https://www.gstatic.com/firebasejs/11.9.1/firebase-vertexai.js","data-connect":"https://www.gstatic.com/firebasejs/11.9.1/firebase-data-connect.js","firestore.memory":"https://www.gstatic.com/firebasejs/11.9.1/firebase-firestore.memory.js"}}
[info] ✔  Wrote build/index.html 
[info] 
[info] i  Didn't detect a .git folder. Assuming /home/gulirovisk/code/pingpong-24 is the project root. 
[info] i  Authorizing with GitHub to upload your service account to a GitHub repository's secrets store. 
[info] 
[info] Visit this URL on this device to log in:
[info] https://github.com/login/oauth/authorize?client_id=89cf50f02ac6aaed3484&state=854102917&redirect_uri=http%3A%2F%2Flocalhost%3A9005&scope=read%3Auser%20repo%20public_repo
[info] 
[info] Waiting for authentication...
[debug] [2025-06-16T19:45:24.771Z] >>> [apiv2][query] POST https://github.com/login/oauth/access_token [none]
[debug] [2025-06-16T19:45:24.772Z] >>> [apiv2][body] POST https://github.com/login/oauth/access_token [stream]
[debug] [2025-06-16T19:45:25.104Z] <<< [apiv2][status] POST https://github.com/login/oauth/access_token 200
[debug] [2025-06-16T19:45:25.104Z] <<< [apiv2][body] POST https://github.com/login/oauth/access_token {"access_token":"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","token_type":"bearer","scope":"read:user,repo"}
[debug] [2025-06-16T19:45:25.110Z] >>> [apiv2][query] GET https://api.github.com/user [none]
[debug] [2025-06-16T19:45:25.531Z] <<< [apiv2][status] GET https://api.github.com/user 200
[debug] [2025-06-16T19:45:25.532Z] <<< [apiv2][body] GET https://api.github.com/user {"login":"Gulirovisk","id":91995232,"node_id":"U_kgDOBXu8YA","avatar_url":"https://avatars.githubusercontent.com/u/91995232?v=4","gravatar_id":"","url":"https://api.github.com/users/Gulirovisk","html_url":"https://github.com/Gulirovisk","followers_url":"https://api.github.com/users/Gulirovisk/followers","following_url":"https://api.github.com/users/Gulirovisk/following{/other_user}","gists_url":"https://api.github.com/users/Gulirovisk/gists{/gist_id}","starred_url":"https://api.github.com/users/Gulirovisk/starred{/owner}{/repo}","subscriptions_url":"https://api.github.com/users/Gulirovisk/subscriptions","organizations_url":"https://api.github.com/users/Gulirovisk/orgs","repos_url":"https://api.github.com/users/Gulirovisk/repos","events_url":"https://api.github.com/users/Gulirovisk/events{/privacy}","received_events_url":"https://api.github.com/users/Gulirovisk/received_events","type":"User","user_view_type":"private","site_admin":false,"name":"Lucio Garcia Leite Filho","company":null,"blog":"","location":null,"email":null,"hireable":null,"bio":null,"twitter_username":null,"notification_email":null,"public_repos":10,"public_gists":0,"followers":8,"following":10,"created_at":"2021-10-05T22:20:04Z","updated_at":"2025-05-28T17:02:42Z","private_gists":0,"total_private_repos":5,"owned_private_repos":5,"disk_usage":30267,"collaborators":0,"two_factor_authentication":true,"plan":{"name":"pro","space":976562499,"collaborators":0,"private_repos":9999}}
[info] 
[info] ✔  Success! Logged into GitHub as Gulirovisk 
[info] 
